<?xml version="1.0" encoding="UTF-8"?>
<testsuite xmlns:xsi="http://www.w3.org/2001/XMLSchema-instance" xsi:noNamespaceSchemaLocation="https://maven.apache.org/surefire/maven-surefire-plugin/xsd/surefire-test-report.xsd" version="3.0.2" name="com.example.waimai.WaimaiApplicationTests" time="3.737" tests="1" errors="0" skipped="0" failures="0">
  <properties>
[...]
</properties>
  <testcase name="contextLoads" classname="com.example.waimai.WaimaiApplicationTests" time="0.725">
    <system-out><![CDATA[19:28:54.273 [main] INFO org.springframework.test.context.support.AnnotationConfigContextLoaderUtils -- Could not detect default configuration classes for test class [com.example.waimai.WaimaiApplicationTests]: WaimaiApplicationTests does not declare any static, non-private, non-final, nested classes annotated with @Configuration.
19:28:54.396 [main] INFO org.springframework.boot.test.context.SpringBootTestContextBootstrapper -- Found @SpringBootConfiguration com.example.waimai.WaimaiApplication for test class com.example.waimai.WaimaiApplicationTests
19:28:54.611 [main] INFO org.springframework.boot.devtools.restart.RestartApplicationListener -- Restart disabled due to context in which it is running

  .   ____          _            __ _ _
 /\\ / ___'_ __ _ _(_)_ __  __ _ \ \ \ \
( ( )\___ | '_ | '_| | '_ \/ _` | \ \ \ \
 \\/  ___)| |_)| | | | | || (_| |  ) ) ) )
  '  |____| .__|_| |_|_| |_\__, | / / / /
 =========|_|==============|___/=/_/_/_/

 :: Spring Boot ::                (v3.5.3)

2025-10-14T19:28:54.905+08:00  INFO 6296 --- [waimai] [           main] c.example.waimai.WaimaiApplicationTests  : Starting WaimaiApplicationTests using Java 23.0.1 with PID 6296 (started by 13203 in F:\ʷ\HarmonyOS\waimai)
2025-10-14T19:28:54.906+08:00  INFO 6296 --- [waimai] [           main] c.example.waimai.WaimaiApplicationTests  : No active profile set, falling back to 1 default profile: "default"
Logging initialized using 'class org.apache.ibatis.logging.stdout.StdOutImpl' adapter.
Get /10.34.58.7 network interface 
Get network interface info: name:wireless_32768 (Intel(R) Wi-Fi 6 AX101)
Initialization Sequence datacenterId:20 workerId:23
 _ _   |_  _ _|_. ___ _ |    _ 
| | |\/|_)(_| | |_\  |_)||_|_\ 
     /               |         
                        3.5.7 
2025-10-14T19:28:57.133+08:00  INFO 6296 --- [waimai] [           main] c.example.waimai.WaimaiApplicationTests  : Started WaimaiApplicationTests in 2.534 seconds (process running for 3.586)
]]></system-out>
    <system-err><![CDATA[Mockito is currently self-attaching to enable the inline-mock-maker. This will no longer work in future releases of the JDK. Please add Mockito as an agent to your build as described in Mockito's documentation: https://javadoc.io/doc/org.mockito/mockito-core/latest/org.mockito/org/mockito/Mockito.html#0.3
WARNING: A Java agent has been loaded dynamically (C:\Users\13203\.m2\repository\net\bytebuddy\byte-buddy-agent\1.17.6\byte-buddy-agent-1.17.6.jar)
WARNING: If a serviceability tool is in use, please run with -XX:+EnableDynamicAgentLoading to hide this warning
WARNING: If a serviceability tool is not in use, please run with -Djdk.instrument.traceUsage for more information
WARNING: Dynamic loading of agents will be disallowed by default in a future release
]]></system-err>
  </testcase>
</testsuite>